  wave.cpp
  text.cpp
c:\users\jonad\documents\sb2-decomp-new2\src\pixmap.h(10): warning C4005: 'DIRECTDRAW_VERSION': macro redefinition
  c:\program files (x86)\microsoft sdks\windows\v7.1a\include\ddraw.h(31): note: see previous definition of 'DIRECTDRAW_VERSION'
c:\users\jonad\documents\sb2-decomp-new2\src\text.cpp(120): warning C4101: 'width': unreferenced local variable
c:\users\jonad\documents\sb2-decomp-new2\src\text.cpp(119): warning C4101: 'pos1': unreferenced local variable
  sound.cpp
c:\users\jonad\documents\sb2-decomp-new2\src\sound.cpp(6): fatal error C1083: Cannot open include file: 'mciapi.h': No such file or directory
  pixmap.cpp
c:\users\jonad\documents\sb2-decomp-new2\src\pixmap.h(10): warning C4005: 'DIRECTDRAW_VERSION': macro redefinition
  c:\program files (x86)\microsoft sdks\windows\v7.1a\include\ddraw.h(31): note: see previous definition of 'DIRECTDRAW_VERSION'
c:\users\jonad\documents\sb2-decomp-new2\src\pixmap.cpp(979): warning C4293: '<<': shift count negative or too big, undefined behavior
c:\users\jonad\documents\sb2-decomp-new2\src\pixmap.cpp(1874): warning C4101: 'rcRect': unreferenced local variable
c:\users\jonad\documents\sb2-decomp-new2\src\pixmap.cpp(1873): warning C4101: 'nbx': unreferenced local variable
  network.cpp
  movie.cpp
  misc.cpp
  menu.cpp
c:\users\jonad\documents\sb2-decomp-new2\src\resource.h(155): warning C4005: 'TX_SHOWNEXT': macro redefinition
  c:\users\jonad\documents\sb2-decomp-new2\src\resource.h(132): note: see previous definition of 'TX_SHOWNEXT'
c:\users\jonad\documents\sb2-decomp-new2\src\resource.h(158): warning C4005: 'TX_SHOWPREV': macro redefinition
  c:\users\jonad\documents\sb2-decomp-new2\src\resource.h(133): note: see previous definition of 'TX_SHOWPREV'
c:\users\jonad\documents\sb2-decomp-new2\src\pixmap.h(10): warning C4005: 'DIRECTDRAW_VERSION': macro redefinition
  c:\program files (x86)\microsoft sdks\windows\v7.1a\include\ddraw.h(31): note: see previous definition of 'DIRECTDRAW_VERSION'
  jauge.cpp
c:\users\jonad\documents\sb2-decomp-new2\src\pixmap.h(10): warning C4005: 'DIRECTDRAW_VERSION': macro redefinition
  c:\program files (x86)\microsoft sdks\windows\v7.1a\include\ddraw.h(31): note: see previous definition of 'DIRECTDRAW_VERSION'
  event.cpp
c:\users\jonad\documents\sb2-decomp-new2\src\resource.h(155): warning C4005: 'TX_SHOWNEXT': macro redefinition
  c:\users\jonad\documents\sb2-decomp-new2\src\resource.h(132): note: see previous definition of 'TX_SHOWNEXT'
c:\users\jonad\documents\sb2-decomp-new2\src\resource.h(158): warning C4005: 'TX_SHOWPREV': macro redefinition
  c:\users\jonad\documents\sb2-decomp-new2\src\resource.h(133): note: see previous definition of 'TX_SHOWPREV'
c:\users\jonad\documents\sb2-decomp-new2\src\pixmap.h(10): warning C4005: 'DIRECTDRAW_VERSION': macro redefinition
  c:\program files (x86)\microsoft sdks\windows\v7.1a\include\ddraw.h(31): note: see previous definition of 'DIRECTDRAW_VERSION'
c:\users\jonad\documents\sb2-decomp-new2\src\event.cpp(1763): warning C4101: 'i': unreferenced local variable
c:\users\jonad\documents\sb2-decomp-new2\src\event.cpp(1839): warning C4101: 'pos': unreferenced local variable
c:\users\jonad\documents\sb2-decomp-new2\src\event.cpp(1988): warning C4101: 'i': unreferenced local variable
c:\users\jonad\documents\sb2-decomp-new2\src\event.cpp(2087): warning C4552: '!=': operator has no effect; expected operator with side-effect
c:\users\jonad\documents\sb2-decomp-new2\src\event.cpp(2292): warning C4101: 'data': unreferenced local variable
c:\users\jonad\documents\sb2-decomp-new2\src\event.cpp(2379): warning C4101: 'element': unreferenced local variable
c:\users\jonad\documents\sb2-decomp-new2\src\event.cpp(2377): warning C4101: 'stream': unreferenced local variable
c:\users\jonad\documents\sb2-decomp-new2\src\event.cpp(2430): warning C4101: 'textLeft': unreferenced local variable
c:\users\jonad\documents\sb2-decomp-new2\src\event.cpp(2426): warning C4101: 'icon': unreferenced local variable
c:\users\jonad\documents\sb2-decomp-new2\src\event.cpp(2426): warning C4101: 'world': unreferenced local variable
c:\users\jonad\documents\sb2-decomp-new2\src\event.cpp(2424): warning C4101: 'levels': unreferenced local variable
c:\users\jonad\documents\sb2-decomp-new2\src\event.cpp(2426): warning C4101: 'volume': unreferenced local variable
c:\users\jonad\documents\sb2-decomp-new2\src\event.cpp(2426): warning C4101: 'time': unreferenced local variable
c:\users\jonad\documents\sb2-decomp-new2\src\event.cpp(2425): warning C4101: 'types': unreferenced local variable
c:\users\jonad\documents\sb2-decomp-new2\src\event.cpp(2435): warning C4101: 'bEnable': unreferenced local variable
c:\users\jonad\documents\sb2-decomp-new2\src\event.cpp(2426): warning C4101: 'pente': unreferenced local variable
c:\users\jonad\documents\sb2-decomp-new2\src\event.cpp(2426): warning C4101: 'button': unreferenced local variable
c:\users\jonad\documents\sb2-decomp-new2\src\event.cpp(2640): warning C4101: 'buff': unreferenced local variable
c:\users\jonad\documents\sb2-decomp-new2\src\event.cpp(2928): warning C4101: 'textConst': unreferenced local variable
c:\users\jonad\documents\sb2-decomp-new2\src\event.cpp(2930): warning C4101: 'pPixmap': unreferenced local variable
c:\users\jonad\documents\sb2-decomp-new2\src\event.cpp(3233): warning C4552: '|': operator has no effect; expected operator with side-effect
c:\users\jonad\documents\sb2-decomp-new2\src\event.cpp(3236): warning C4552: '|': operator has no effect; expected operator with side-effect
c:\users\jonad\documents\sb2-decomp-new2\src\event.cpp(3239): warning C4552: '|': operator has no effect; expected operator with side-effect
c:\users\jonad\documents\sb2-decomp-new2\src\event.cpp(3242): warning C4552: '|': operator has no effect; expected operator with side-effect
c:\users\jonad\documents\sb2-decomp-new2\src\event.cpp(3245): warning C4552: '|': operator has no effect; expected operator with side-effect
c:\users\jonad\documents\sb2-decomp-new2\src\event.cpp(3261): warning C4552: '|': operator has no effect; expected operator with side-effect
c:\users\jonad\documents\sb2-decomp-new2\src\event.cpp(3033): warning C4101: 'sound': unreferenced local variable
c:\users\jonad\documents\sb2-decomp-new2\src\event.cpp(3679): warning C4101: 'sound': unreferenced local variable
c:\users\jonad\documents\sb2-decomp-new2\src\event.cpp(3910): warning C4101: 'world': unreferenced local variable
c:\users\jonad\documents\sb2-decomp-new2\src\event.cpp(3910): warning C4101: 'total': unreferenced local variable
c:\users\jonad\documents\sb2-decomp-new2\src\event.cpp(3910): warning C4101: 'max': unreferenced local variable
c:\users\jonad\documents\sb2-decomp-new2\src\event.cpp(3910): warning C4101: 'music': unreferenced local variable
c:\users\jonad\documents\sb2-decomp-new2\src\event.cpp(3911): warning C4101: 'iconDim': unreferenced local variable
c:\users\jonad\documents\sb2-decomp-new2\src\event.cpp(3911): warning C4101: 'totalDim': unreferenced local variable
c:\users\jonad\documents\sb2-decomp-new2\src\event.cpp(3910): warning C4101: 'time': unreferenced local variable
c:\users\jonad\documents\sb2-decomp-new2\src\event.cpp(3910): warning C4101: 'index': unreferenced local variable
c:\users\jonad\documents\sb2-decomp-new2\src\event.cpp(3915): warning C4101: 'pButtonExist': unreferenced local variable
c:\users\jonad\documents\sb2-decomp-new2\src\event.cpp(3917): warning C4101: 'playerName': unreferenced local variable
c:\users\jonad\documents\sb2-decomp-new2\src\event.cpp(3916): warning C4101: 'bHide': unreferenced local variable
c:\users\jonad\documents\sb2-decomp-new2\src\event.cpp(4394): warning C4101: 'f': unreferenced local variable
c:\users\jonad\documents\sb2-decomp-new2\src\event.cpp(4382): warning C4101: 'buff': unreferenced local variable
c:\users\jonad\documents\sb2-decomp-new2\src\event.cpp(4394): warning C4101: 'n': unreferenced local variable
c:\users\jonad\documents\sb2-decomp-new2\src\event.cpp(4484): warning C4101: 'pBuff': unreferenced local variable
c:\users\jonad\documents\sb2-decomp-new2\src\event.cpp(4485): warning C4101: 'info': unreferenced local variable
c:\users\jonad\documents\sb2-decomp-new2\src\event.cpp(4734): warning C4101: 'pDest': unreferenced local variable
c:\users\jonad\documents\sb2-decomp-new2\src\event.cpp(4735): warning C4101: 'indic': unreferenced local variable
c:\users\jonad\documents\sb2-decomp-new2\src\event.cpp(4733): warning C4101: 'pText': unreferenced local variable
c:\users\jonad\documents\sb2-decomp-new2\src\event.cpp(4736): warning C4101: 'h1': unreferenced local variable
c:\users\jonad\documents\sb2-decomp-new2\src\event.cpp(4736): warning C4101: 'h2': unreferenced local variable
c:\users\jonad\documents\sb2-decomp-new2\src\event.cpp(4736): warning C4101: 'nb': unreferenced local variable
c:\users\jonad\documents\sb2-decomp-new2\src\event.cpp(4841): warning C4101: 'world': unreferenced local variable
c:\users\jonad\documents\sb2-decomp-new2\src\event.cpp(4841): warning C4101: 'total': unreferenced local variable
c:\users\jonad\documents\sb2-decomp-new2\src\event.cpp(4841): warning C4101: 'mission': unreferenced local variable
c:\users\jonad\documents\sb2-decomp-new2\src\event.cpp(4841): warning C4101: 'time': unreferenced local variable
c:\users\jonad\documents\sb2-decomp-new2\src\event.cpp(4979): warning C4101: 'doors': unreferenced local variable
c:\users\jonad\documents\sb2-decomp-new2\src\event.cpp(5386): warning C4554: '&': check operator precedence for possible error; use parentheses to clarify precedence
c:\users\jonad\documents\sb2-decomp-new2\src\event.cpp(5391): warning C4554: '&': check operator precedence for possible error; use parentheses to clarify precedence
c:\users\jonad\documents\sb2-decomp-new2\src\event.cpp(5369): warning C4101: 'nmemb': unreferenced local variable
  decor.cpp
c:\users\jonad\documents\sb2-decomp-new2\src\resource.h(155): warning C4005: 'TX_SHOWNEXT': macro redefinition
  c:\users\jonad\documents\sb2-decomp-new2\src\resource.h(132): note: see previous definition of 'TX_SHOWNEXT'
c:\users\jonad\documents\sb2-decomp-new2\src\resource.h(158): warning C4005: 'TX_SHOWPREV': macro redefinition
  c:\users\jonad\documents\sb2-decomp-new2\src\resource.h(133): note: see previous definition of 'TX_SHOWPREV'
c:\users\jonad\documents\sb2-decomp-new2\src\pixmap.h(10): warning C4005: 'DIRECTDRAW_VERSION': macro redefinition
  c:\program files (x86)\microsoft sdks\windows\v7.1a\include\ddraw.h(31): note: see previous definition of 'DIRECTDRAW_VERSION'
c:\users\jonad\documents\sb2-decomp-new2\src\decor.cpp(29): warning C4101: 'i': unreferenced local variable
c:\users\jonad\documents\sb2-decomp-new2\src\decor.cpp(65): warning C4101: 'pos': unreferenced local variable
c:\users\jonad\documents\sb2-decomp-new2\src\decor.cpp(1751): warning C4806: '&': unsafe operation: no value of type 'bool' promoted to type 'int' can equal the given constant
c:\users\jonad\documents\sb2-decomp-new2\src\decor.cpp(1710): warning C4101: 'channel': unreferenced local variable
c:\users\jonad\documents\sb2-decomp-new2\src\decor.cpp(1852): warning C4101: 'blupiStartPos': unreferenced local variable
  decnet.cpp
c:\users\jonad\documents\sb2-decomp-new2\src\pixmap.h(10): warning C4005: 'DIRECTDRAW_VERSION': macro redefinition
  c:\program files (x86)\microsoft sdks\windows\v7.1a\include\ddraw.h(31): note: see previous definition of 'DIRECTDRAW_VERSION'
c:\users\jonad\documents\sb2-decomp-new2\src\decnet.cpp(26): warning C4244: '=': conversion from 'LONG' to 'short', possible loss of data
c:\users\jonad\documents\sb2-decomp-new2\src\decnet.cpp(27): warning C4244: '=': conversion from 'LONG' to 'short', possible loss of data
c:\users\jonad\documents\sb2-decomp-new2\src\decnet.cpp(75): warning C4838: conversion from 'BYTE' to 'char' requires a narrowing conversion
c:\users\jonad\documents\sb2-decomp-new2\src\decnet.cpp(110): warning C4101: 'rect2': unreferenced local variable
c:\users\jonad\documents\sb2-decomp-new2\src\decnet.cpp(109): warning C4101: 'rect1': unreferenced local variable
c:\users\jonad\documents\sb2-decomp-new2\src\decnet.cpp(111): warning C4101: 'rect3': unreferenced local variable
c:\users\jonad\documents\sb2-decomp-new2\src\decnet.cpp(128): warning C4101: 'pos': unreferenced local variable
c:\users\jonad\documents\sb2-decomp-new2\src\decnet.cpp(127): warning C4101: 'data': unreferenced local variable
c:\users\jonad\documents\sb2-decomp-new2\src\decnet.cpp(129): warning C4101: 'i': unreferenced local variable
c:\users\jonad\documents\sb2-decomp-new2\src\decnet.cpp(126): warning C4101: 'messages': unreferenced local variable
  decmove.cpp
c:\users\jonad\documents\sb2-decomp-new2\src\pixmap.h(10): warning C4005: 'DIRECTDRAW_VERSION': macro redefinition
  c:\program files (x86)\microsoft sdks\windows\v7.1a\include\ddraw.h(31): note: see previous definition of 'DIRECTDRAW_VERSION'
c:\users\jonad\documents\sb2-decomp-new2\src\decmove.cpp(386): warning C4244: '=': conversion from 'LONG' to 'short', possible loss of data
c:\users\jonad\documents\sb2-decomp-new2\src\decmove.cpp(387): warning C4244: '=': conversion from 'LONG' to 'short', possible loss of data
c:\users\jonad\documents\sb2-decomp-new2\src\decmove.cpp(477): warning C4101: 'moveObject': unreferenced local variable
c:\users\jonad\documents\sb2-decomp-new2\src\decmove.cpp(2003): warning C4101: 'src3': unreferenced local variable
  decio.cpp
c:\users\jonad\documents\sb2-decomp-new2\src\pixmap.h(10): warning C4005: 'DIRECTDRAW_VERSION': macro redefinition
  c:\program files (x86)\microsoft sdks\windows\v7.1a\include\ddraw.h(31): note: see previous definition of 'DIRECTDRAW_VERSION'
c:\users\jonad\documents\sb2-decomp-new2\src\decio.cpp(12): warning C4129: '%': unrecognized character escape sequence
c:\users\jonad\documents\sb2-decomp-new2\src\decio.cpp(16): warning C4129: 'w': unrecognized character escape sequence
c:\users\jonad\documents\sb2-decomp-new2\src\decio.cpp(102): warning C4101: 'objects': unreferenced local variable
c:\users\jonad\documents\sb2-decomp-new2\src\decio.cpp(101): warning C4101: 'obj': unreferenced local variable
c:\users\jonad\documents\sb2-decomp-new2\src\decio.cpp(198): warning C4101: 'y': unreferenced local variable
c:\users\jonad\documents\sb2-decomp-new2\src\decio.cpp(199): warning C4101: 'minRev': unreferenced local variable
c:\users\jonad\documents\sb2-decomp-new2\src\decio.cpp(198): warning C4101: 'x': unreferenced local variable
c:\users\jonad\documents\sb2-decomp-new2\src\decio.cpp(198): warning C4101: 'i': unreferenced local variable
c:\users\jonad\documents\sb2-decomp-new2\src\decio.cpp(199): warning C4101: 'majRev': unreferenced local variable
c:\users\jonad\documents\sb2-decomp-new2\src\decio.cpp(198): warning C4101: 'nb': unreferenced local variable
c:\users\jonad\documents\sb2-decomp-new2\src\decio.cpp(248): warning C4101: 'y': unreferenced local variable
c:\users\jonad\documents\sb2-decomp-new2\src\decio.cpp(247): warning C4101: 'minRev': unreferenced local variable
c:\users\jonad\documents\sb2-decomp-new2\src\decio.cpp(248): warning C4101: 'x': unreferenced local variable
c:\users\jonad\documents\sb2-decomp-new2\src\decio.cpp(248): warning C4101: 'i': unreferenced local variable
c:\users\jonad\documents\sb2-decomp-new2\src\decio.cpp(278): warning C4101: 'y': unreferenced local variable
c:\users\jonad\documents\sb2-decomp-new2\src\decio.cpp(277): warning C4101: 'minRev': unreferenced local variable
c:\users\jonad\documents\sb2-decomp-new2\src\decio.cpp(278): warning C4101: 'x': unreferenced local variable
c:\users\jonad\documents\sb2-decomp-new2\src\decio.cpp(278): warning C4101: 'i': unreferenced local variable
c:\users\jonad\documents\sb2-decomp-new2\src\decio.cpp(277): warning C4101: 'majRev': unreferenced local variable
c:\users\jonad\documents\sb2-decomp-new2\src\decio.cpp(278): warning C4101: 'nb': unreferenced local variable
  decdesign.cpp
c:\users\jonad\documents\sb2-decomp-new2\src\pixmap.h(10): warning C4005: 'DIRECTDRAW_VERSION': macro redefinition
  c:\program files (x86)\microsoft sdks\windows\v7.1a\include\ddraw.h(31): note: see previous definition of 'DIRECTDRAW_VERSION'
c:\users\jonad\documents\sb2-decomp-new2\src\decdesign.cpp(357): warning C4060: switch statement contains no 'case' or 'default' labels
  decblupi.cpp
c:\users\jonad\documents\sb2-decomp-new2\src\pixmap.h(10): warning C4005: 'DIRECTDRAW_VERSION': macro redefinition
  c:\program files (x86)\microsoft sdks\windows\v7.1a\include\ddraw.h(31): note: see previous definition of 'DIRECTDRAW_VERSION'
c:\users\jonad\documents\sb2-decomp-new2\src\resource.h(155): warning C4005: 'TX_SHOWNEXT': macro redefinition
  c:\users\jonad\documents\sb2-decomp-new2\src\resource.h(132): note: see previous definition of 'TX_SHOWNEXT'
c:\users\jonad\documents\sb2-decomp-new2\src\resource.h(158): warning C4005: 'TX_SHOWPREV': macro redefinition
  c:\users\jonad\documents\sb2-decomp-new2\src\resource.h(133): note: see previous definition of 'TX_SHOWPREV'
c:\users\jonad\documents\sb2-decomp-new2\src\decblupi.cpp(1208): warning C4244: '-=': conversion from 'double' to 'LONG', possible loss of data
c:\users\jonad\documents\sb2-decomp-new2\src\decblupi.cpp(1215): warning C4244: '+=': conversion from 'double' to 'LONG', possible loss of data
c:\users\jonad\documents\sb2-decomp-new2\src\decblupi.cpp(1238): warning C4244: '-=': conversion from 'double' to 'LONG', possible loss of data
c:\users\jonad\documents\sb2-decomp-new2\src\decblupi.cpp(1252): warning C4244: '+=': conversion from 'double' to 'LONG', possible loss of data
c:\users\jonad\documents\sb2-decomp-new2\src\decblupi.cpp(3021): warning C4554: '<<': check operator precedence for possible error; use parentheses to clarify precedence
c:\users\jonad\documents\sb2-decomp-new2\src\decblupi.cpp(3024): warning C4554: '<<': check operator precedence for possible error; use parentheses to clarify precedence
  decblock.cpp
c:\users\jonad\documents\sb2-decomp-new2\src\pixmap.h(10): warning C4005: 'DIRECTDRAW_VERSION': macro redefinition
  c:\program files (x86)\microsoft sdks\windows\v7.1a\include\ddraw.h(31): note: see previous definition of 'DIRECTDRAW_VERSION'
c:\users\jonad\documents\sb2-decomp-new2\src\decblock.cpp(577): warning C4060: switch statement contains no 'case' or 'default' labels
  ddutil.cpp
c:\users\jonad\documents\sb2-decomp-new2\src\ddutil.h(10): warning C4005: 'DIRECTDRAW_VERSION': macro redefinition
  c:\program files (x86)\microsoft sdks\windows\v7.1a\include\ddraw.h(31): note: see previous definition of 'DIRECTDRAW_VERSION'
  button.cpp
c:\users\jonad\documents\sb2-decomp-new2\src\pixmap.h(10): warning C4005: 'DIRECTDRAW_VERSION': macro redefinition
  c:\program files (x86)\microsoft sdks\windows\v7.1a\include\ddraw.h(31): note: see previous definition of 'DIRECTDRAW_VERSION'
c:\users\jonad\documents\sb2-decomp-new2\src\button.cpp(52): warning C4101: 'icon': unreferenced local variable
c:\users\jonad\documents\sb2-decomp-new2\src\button.cpp(52): warning C4101: 'i': unreferenced local variable
c:\users\jonad\documents\sb2-decomp-new2\src\button.cpp(112): warning C4101: 'rect': unreferenced local variable
c:\users\jonad\documents\sb2-decomp-new2\src\button.cpp(337): warning C4101: 'iVar4': unreferenced local variable
c:\users\jonad\documents\sb2-decomp-new2\src\button.cpp(340): warning C4101: 'iVar7': unreferenced local variable
c:\users\jonad\documents\sb2-decomp-new2\src\button.cpp(338): warning C4101: 'iVar5': unreferenced local variable
  blupi.cpp
c:\users\jonad\documents\sb2-decomp-new2\src\resource.h(155): warning C4005: 'TX_SHOWNEXT': macro redefinition
  c:\users\jonad\documents\sb2-decomp-new2\src\resource.h(132): note: see previous definition of 'TX_SHOWNEXT'
c:\users\jonad\documents\sb2-decomp-new2\src\resource.h(158): warning C4005: 'TX_SHOWPREV': macro redefinition
  c:\users\jonad\documents\sb2-decomp-new2\src\resource.h(133): note: see previous definition of 'TX_SHOWPREV'
c:\users\jonad\documents\sb2-decomp-new2\src\blupi.cpp(242): warning C4101: 'term': unreferenced local variable
c:\users\jonad\documents\sb2-decomp-new2\src\blupi.cpp(334): warning C4101: 'test': unreferenced local variable
c:\users\jonad\documents\sb2-decomp-new2\src\blupi.cpp(424): warning C4101: 'iconDim': unreferenced local variable
c:\users\jonad\documents\sb2-decomp-new2\src\blupi.cpp(424): warning C4101: 'totalDim': unreferenced local variable
c:\users\jonad\documents\sb2-decomp-new2\src\blupi.cpp(635): warning C4101: 'dest': unreferenced local variable
c:\users\jonad\documents\sb2-decomp-new2\src\blupi.cpp(633): warning C4101: 'i': unreferenced local variable
c:\users\jonad\documents\sb2-decomp-new2\src\blupi.cpp(634): warning C4101: 'rect': unreferenced local variable
c:\users\jonad\documents\sb2-decomp-new2\src\blupi.cpp(671): warning C4101: 'rcRect': unreferenced local variable
c:\users\jonad\documents\sb2-decomp-new2\src\blupi.cpp(815): warning C4101: 'timeStep': unreferenced local variable
  Generating Code...
c:\users\jonad\documents\sb2-decomp-new2\src\decblock.cpp(579): warning C4715: 'CDecor::IsRightBorder': not all control paths return a value
c:\users\jonad\documents\sb2-decomp-new2\src\decmove.cpp(1617): warning C4700: uninitialized local variable 'tinyRect' used
c:\users\jonad\documents\sb2-decomp-new2\src\decmove.cpp(493): warning C4700: uninitialized local variable 'tinyRect2' used
c:\users\jonad\documents\sb2-decomp-new2\src\decmove.cpp(1536): warning C4700: uninitialized local variable 'tinyPoint' used
c:\users\jonad\documents\sb2-decomp-new2\src\decmove.cpp(1553): warning C4700: uninitialized local variable 'tinyRect' used
c:\users\jonad\documents\sb2-decomp-new2\src\decmove.cpp(1630): warning C4700: uninitialized local variable 'tinyRect' used
c:\users\jonad\documents\sb2-decomp-new2\src\decmove.cpp(1772): warning C4700: uninitialized local variable 'tinyRect' used
c:\users\jonad\documents\sb2-decomp-new2\src\decmove.cpp(1948): warning C4700: uninitialized local variable 'tinyRect' used
c:\users\jonad\documents\sb2-decomp-new2\src\decmove.cpp(1895): warning C4700: uninitialized local variable 'tinyRect' used
c:\users\jonad\documents\sb2-decomp-new2\src\decmove.cpp(1970): warning C4700: uninitialized local variable 'tinyRect' used
c:\users\jonad\documents\sb2-decomp-new2\src\decmove.cpp(2031): warning C4700: uninitialized local variable 'tinyRect' used
c:\users\jonad\documents\sb2-decomp-new2\src\decmove.cpp(2057): warning C4700: uninitialized local variable 'tinyRect' used
c:\users\jonad\documents\sb2-decomp-new2\src\decmove.cpp(2083): warning C4700: uninitialized local variable 'tinyRect' used
c:\users\jonad\documents\sb2-decomp-new2\src\decmove.cpp(2173): warning C4700: uninitialized local variable 'src' used
c:\users\jonad\documents\sb2-decomp-new2\src\decor.cpp(1866): warning C4700: uninitialized local variable 'cel' used
c:\users\jonad\documents\sb2-decomp-new2\src\event.cpp(5396): error C4716: 'CEvent::OpenMission': must return a value
