c:\users\jonad\onedrive\desktop\sb2-decomp-new2\speedy e.e424a3cb\debug\vc143.pdb
c:\users\jonad\onedrive\desktop\sb2-decomp-new2\speedy e.e424a3cb\debug\vc143.idb
c:\users\jonad\onedrive\desktop\sb2-decomp-new2\speedy e.e424a3cb\debug\wave.obj
c:\users\jonad\onedrive\desktop\sb2-decomp-new2\speedy e.e424a3cb\debug\text.obj
c:\users\jonad\onedrive\desktop\sb2-decomp-new2\speedy e.e424a3cb\debug\sound.obj
c:\users\jonad\onedrive\desktop\sb2-decomp-new2\speedy e.e424a3cb\debug\pixmap.obj
c:\users\jonad\onedrive\desktop\sb2-decomp-new2\speedy e.e424a3cb\debug\network.obj
c:\users\jonad\onedrive\desktop\sb2-decomp-new2\speedy e.e424a3cb\debug\movie.obj
c:\users\jonad\onedrive\desktop\sb2-decomp-new2\speedy e.e424a3cb\debug\misc.obj
c:\users\jonad\onedrive\desktop\sb2-decomp-new2\speedy e.e424a3cb\debug\menu.obj
c:\users\jonad\onedrive\desktop\sb2-decomp-new2\speedy e.e424a3cb\debug\jauge.obj
c:\users\jonad\onedrive\desktop\sb2-decomp-new2\speedy e.e424a3cb\debug\event.obj
c:\users\jonad\onedrive\desktop\sb2-decomp-new2\speedy e.e424a3cb\debug\decor.obj
c:\users\jonad\onedrive\desktop\sb2-decomp-new2\speedy e.e424a3cb\debug\decnet.obj
c:\users\jonad\onedrive\desktop\sb2-decomp-new2\speedy e.e424a3cb\debug\decmove.obj
c:\users\jonad\onedrive\desktop\sb2-decomp-new2\speedy e.e424a3cb\debug\decio.obj
c:\users\jonad\onedrive\desktop\sb2-decomp-new2\speedy e.e424a3cb\debug\decdesign.obj
c:\users\jonad\onedrive\desktop\sb2-decomp-new2\speedy e.e424a3cb\debug\decblupi.obj
c:\users\jonad\onedrive\desktop\sb2-decomp-new2\speedy e.e424a3cb\debug\decblock.obj
c:\users\jonad\onedrive\desktop\sb2-decomp-new2\speedy e.e424a3cb\debug\ddutil.obj
c:\users\jonad\onedrive\desktop\sb2-decomp-new2\speedy e.e424a3cb\debug\button.obj
c:\users\jonad\onedrive\desktop\sb2-decomp-new2\speedy e.e424a3cb\debug\blupi.obj
c:\users\jonad\onedrive\desktop\sb2-decomp-new2\debug\speedy eggbert 2 source.exe
c:\users\jonad\onedrive\desktop\sb2-decomp-new2\debug\speedy eggbert 2 source.pdb
c:\users\jonad\onedrive\desktop\sb2-decomp-new2\speedy e.e424a3cb\debug\eggbert2.res
c:\users\jonad\onedrive\desktop\sb2-decomp-new2\speedy e.e424a3cb\debug\speedy e.e424a3cb.tlog\cl.command.1.tlog
c:\users\jonad\onedrive\desktop\sb2-decomp-new2\speedy e.e424a3cb\debug\speedy e.e424a3cb.tlog\cl.items.tlog
c:\users\jonad\onedrive\desktop\sb2-decomp-new2\speedy e.e424a3cb\debug\speedy e.e424a3cb.tlog\cl.read.1.tlog
c:\users\jonad\onedrive\desktop\sb2-decomp-new2\speedy e.e424a3cb\debug\speedy e.e424a3cb.tlog\cl.write.1.tlog
c:\users\jonad\onedrive\desktop\sb2-decomp-new2\speedy e.e424a3cb\debug\speedy e.e424a3cb.tlog\link.command.1.tlog
c:\users\jonad\onedrive\desktop\sb2-decomp-new2\speedy e.e424a3cb\debug\speedy e.e424a3cb.tlog\link.read.1.tlog
c:\users\jonad\onedrive\desktop\sb2-decomp-new2\speedy e.e424a3cb\debug\speedy e.e424a3cb.tlog\link.secondary.1.tlog
c:\users\jonad\onedrive\desktop\sb2-decomp-new2\speedy e.e424a3cb\debug\speedy e.e424a3cb.tlog\link.write.1.tlog
c:\users\jonad\onedrive\desktop\sb2-decomp-new2\speedy e.e424a3cb\debug\speedy e.e424a3cb.tlog\rc.command.1.tlog
c:\users\jonad\onedrive\desktop\sb2-decomp-new2\speedy e.e424a3cb\debug\speedy e.e424a3cb.tlog\rc.read.1.tlog
c:\users\jonad\onedrive\desktop\sb2-decomp-new2\speedy e.e424a3cb\debug\speedy e.e424a3cb.tlog\rc.write.1.tlog
